Using pre-set license
Built from '2021.2/staging' branch; Version is '2021.2.7f1 (6bd9e232123f) revision 7068130'; Using compiler version '192829333'; Build Type 'Release'
OS: 'Windows 10  (10.0.19043) 64bit Core' Language: 'en' Physical Memory: 16297 MB
BatchMode: 1, IsHumanControllingUs: 0, StartBugReporterOnCrash: 0, Is64bit: 1, IsPro: 0

COMMAND LINE ARGUMENTS:
C:\Program Files\Unity\Hub\Editor\2021.2.7f1\Editor\Unity.exe
-adb2
-batchMode
-noUpm
-name
AssetImportWorker2
-projectPath
H:/UNITY/PROJECTS 2020/GitJam
-logFile
Logs/AssetImportWorker2.log
-srvPort
51704
Successfully changed project path to: H:/UNITY/PROJECTS 2020/GitJam
H:/UNITY/PROJECTS 2020/GitJam
[UnityMemory] Configuration Parameters - Can be set up in boot.config
    "memorysetup-bucket-allocator-granularity=16"
    "memorysetup-bucket-allocator-bucket-count=8"
    "memorysetup-bucket-allocator-block-size=33554432"
    "memorysetup-bucket-allocator-block-count=8"
    "memorysetup-main-allocator-block-size=16777216"
    "memorysetup-thread-allocator-block-size=16777216"
    "memorysetup-gfx-main-allocator-block-size=16777216"
    "memorysetup-gfx-thread-allocator-block-size=16777216"
    "memorysetup-cache-allocator-block-size=4194304"
    "memorysetup-typetree-allocator-block-size=2097152"
    "memorysetup-profiler-bucket-allocator-granularity=16"
    "memorysetup-profiler-bucket-allocator-bucket-count=8"
    "memorysetup-profiler-bucket-allocator-block-size=33554432"
    "memorysetup-profiler-bucket-allocator-block-count=8"
    "memorysetup-profiler-allocator-block-size=16777216"
    "memorysetup-profiler-editor-allocator-block-size=1048576"
    "memorysetup-temp-allocator-size-main=16777216"
    "memorysetup-job-temp-allocator-block-size=2097152"
    "memorysetup-job-temp-allocator-block-size-background=1048576"
    "memorysetup-job-temp-allocator-reduction-small-platforms=262144"
    "memorysetup-temp-allocator-size-background-worker=32768"
    "memorysetup-temp-allocator-size-job-worker=262144"
    "memorysetup-temp-allocator-size-preload-manager=33554432"
    "memorysetup-temp-allocator-size-nav-mesh-worker=65536"
    "memorysetup-temp-allocator-size-audio-worker=65536"
    "memorysetup-temp-allocator-size-cloud-worker=32768"
    "memorysetup-temp-allocator-size-gi-baking-worker=262144"
    "memorysetup-temp-allocator-size-gfx=262144"
Refreshing native plugins compatible for Editor in 375.57 ms, found 7 plugins.
Preloading 0 native plugins for Editor in 0.00 ms.
Initialize engine version: 2021.2.7f1 (6bd9e232123f)
[Subsystems] Discovering subsystems at path C:/Program Files/Unity/Hub/Editor/2021.2.7f1/Editor/Data/Resources/UnitySubsystems
[Subsystems] Discovering subsystems at path H:/UNITY/PROJECTS 2020/GitJam/Assets
GfxDevice: creating device client; threaded=0; jobified=0
Direct3D:
    Version:  Direct3D 11.0 [level 11.1]
    Renderer: Radeon RX 590 Series (ID=0x67df)
    Vendor:   ATI
    VRAM:     8171 MB
    Driver:   30.0.13023.1012
Initialize mono
Mono path[0] = 'C:/Program Files/Unity/Hub/Editor/2021.2.7f1/Editor/Data/Managed'
Mono path[1] = 'C:/Program Files/Unity/Hub/Editor/2021.2.7f1/Editor/Data/MonoBleedingEdge/lib/mono/unityjit-win32'
Mono config path = 'C:/Program Files/Unity/Hub/Editor/2021.2.7f1/Editor/Data/MonoBleedingEdge/etc'
Using monoOptions --debugger-agent=transport=dt_socket,embedding=1,server=y,suspend=n,address=127.0.0.1:56532
Begin MonoManager ReloadAssembly
Registering precompiled unity dll's ...
Register platform support module: C:/Program Files/Unity/Hub/Editor/2021.2.7f1/Editor/Data/PlaybackEngines/WindowsStandaloneSupport/UnityEditor.WindowsStandalone.Extensions.dll
Registered in 0.012996 seconds.
Native extension for WindowsStandalone target not found
Refreshing native plugins compatible for Editor in 371.93 ms, found 7 plugins.
Preloading 0 native plugins for Editor in 0.00 ms.
Mono: successfully reloaded assembly
- Completed reload, in  1.133 seconds
Domain Reload Profiling:
	ReloadAssembly (1134ms)
		BeginReloadAssembly (124ms)
			ExecutionOrderSort (0ms)
			DisableScriptedObjects (0ms)
			BackupInstance (0ms)
			ReleaseScriptingObjects (0ms)
			CreateAndSetChildDomain (1ms)
		EndReloadAssembly (887ms)
			LoadAssemblies (119ms)
			RebuildTransferFunctionScriptingTraits (0ms)
			SetupTypeCache (141ms)
			ReleaseScriptCaches (0ms)
			RebuildScriptCaches (30ms)
			SetupLoadedEditorAssemblies (640ms)
				LogAssemblyErrors (0ms)
				InitializePlatformSupportModulesInManaged (22ms)
				SetLoadedEditorAssemblies (0ms)
				RefreshPlugins (372ms)
				BeforeProcessingInitializeOnLoad (2ms)
				ProcessInitializeOnLoadAttributes (182ms)
				ProcessInitializeOnLoadMethodAttributes (62ms)
				AfterProcessingInitializeOnLoad (0ms)
				EditorAssembliesLoaded (0ms)
			ExecutionOrderSort2 (0ms)
			AwakeInstancesAfterBackupRestoration (0ms)
Platform modules already initialized, skipping
Registering precompiled user dll's ...
Registered in 0.015124 seconds.
Begin MonoManager ReloadAssembly
Symbol file LoadedFromMemory doesn't match image H:\UNITY\PROJECTS 2020\GitJam\Library\PackageCache\com.unity.visualscripting@1.7.6\Editor\VisualScripting.Core\Dependencies\DotNetZip\Unity.VisualScripting.IonicZip.dll
Symbol file LoadedFromMemory doesn't match image H:\UNITY\PROJECTS 2020\GitJam\Library\PackageCache\com.unity.visualscripting@1.7.6\Editor\VisualScripting.Core\Dependencies\YamlDotNet\Unity.VisualScripting.YamlDotNet.dll
Native extension for WindowsStandalone target not found
Refreshing native plugins compatible for Editor in 521.26 ms, found 7 plugins.
Preloading 0 native plugins for Editor in 0.00 ms.
Missing editor texture: 
Editor Asset Resource Provider: H:\UNITY\PROJECTS 2020\GitJam\Assets\Ludiq\Ludiq.PeekCore\Editor/Resources\Loader/Loader.png
UnityEngine.StackTraceUtility:ExtractStackTrace ()
UnityEngine.DebugLogHandler:LogFormat (UnityEngine.LogType,UnityEngine.Object,string,object[])
UnityEngine.Logger:Log (UnityEngine.LogType,object)
UnityEngine.Debug:LogWarning (object)
Ludiq.PeekCore.EditorTexture:Load (System.Collections.Generic.IEnumerable`1<Ludiq.PeekCore.IResourceProvider>,string,Ludiq.PeekCore.CreateTextureOptions,bool) (at Assets/Ludiq/Ludiq.PeekCore/Editor/Interface/Textures/EditorTexture.cs:185)
Ludiq.PeekCore.PluginResources:LoadTexture (string,Ludiq.PeekCore.CreateTextureOptions,bool) (at Assets/Ludiq/Ludiq.PeekCore/Editor/Plugins/PluginResources.cs:157)
Ludiq.PeekCore.LudiqCoreResources:Initialize () (at Assets/Ludiq/Ludiq.PeekCore/Editor/Plugin/LudiqCoreResources.cs:21)
Ludiq.PeekCore.PluginContainer:Initialize () (at Assets/Ludiq/Ludiq.PeekCore/Editor/Plugins/PluginContainer.cs:233)
Ludiq.PeekCore.PluginContainer:.cctor () (at Assets/Ludiq/Ludiq.PeekCore/Editor/Plugins/PluginContainer.cs:21)
System.Runtime.CompilerServices.RuntimeHelpers:RunClassConstructor (System.RuntimeTypeHandle)
UnityEditor.EditorAssemblies:ProcessInitializeOnLoadAttributes (System.Type[])

(Filename: Assets/Ludiq/Ludiq.PeekCore/Editor/Interface/Textures/EditorTexture.cs Line: 185)

Missing editor texture: 
Editor Asset Resource Provider: H:\UNITY\PROJECTS 2020\GitJam\Assets\Ludiq\Ludiq.PeekCore\Editor/Resources\Logos/LogoFramework.png
UnityEngine.StackTraceUtility:ExtractStackTrace ()
UnityEngine.DebugLogHandler:LogFormat (UnityEngine.LogType,UnityEngine.Object,string,object[])
UnityEngine.Logger:Log (UnityEngine.LogType,object)
UnityEngine.Debug:LogWarning (object)
Ludiq.PeekCore.EditorTexture:Load (System.Collections.Generic.IEnumerable`1<Ludiq.PeekCore.IResourceProvider>,string,Ludiq.PeekCore.CreateTextureOptions,bool) (at Assets/Ludiq/Ludiq.PeekCore/Editor/Interface/Textures/EditorTexture.cs:185)
Ludiq.PeekCore.PluginResources:LoadTexture (string,Ludiq.PeekCore.CreateTextureOptions,bool) (at Assets/Ludiq/Ludiq.PeekCore/Editor/Plugins/PluginResources.cs:157)
Ludiq.PeekCore.LudiqProduct:Initialize () (at Assets/Ludiq/Ludiq.PeekCore/Editor/Product/LudiqProduct.cs:30)
Ludiq.PeekCore.ProductContainer:Initialize () (at Assets/Ludiq/Ludiq.PeekCore/Editor/Products/ProductContainer.cs:70)
Ludiq.PeekCore.PluginContainer:Initialize () (at Assets/Ludiq/Ludiq.PeekCore/Editor/Plugins/PluginContainer.cs:254)
Ludiq.PeekCore.PluginContainer:.cctor () (at Assets/Ludiq/Ludiq.PeekCore/Editor/Plugins/PluginContainer.cs:21)
System.Runtime.CompilerServices.RuntimeHelpers:RunClassConstructor (System.RuntimeTypeHandle)
UnityEditor.EditorAssemblies:ProcessInitializeOnLoadAttributes (System.Type[])

(Filename: Assets/Ludiq/Ludiq.PeekCore/Editor/Interface/Textures/EditorTexture.cs Line: 185)

Missing editor texture: 
Editor Asset Resource Provider: H:\UNITY\PROJECTS 2020\GitJam\Assets\Ludiq\Ludiq.PeekCore\Editor/Resources\Logos/LogoLudiq.png
UnityEngine.StackTraceUtility:ExtractStackTrace ()
UnityEngine.DebugLogHandler:LogFormat (UnityEngine.LogType,UnityEngine.Object,string,object[])
UnityEngine.Logger:Log (UnityEngine.LogType,object)
UnityEngine.Debug:LogWarning (object)
Ludiq.PeekCore.EditorTexture:Load (System.Collections.Generic.IEnumerable`1<Ludiq.PeekCore.IResourceProvider>,string,Ludiq.PeekCore.CreateTextureOptions,bool) (at Assets/Ludiq/Ludiq.PeekCore/Editor/Interface/Textures/EditorTexture.cs:185)
Ludiq.PeekCore.PluginResources:LoadTexture (string,Ludiq.PeekCore.CreateTextureOptions,bool) (at Assets/Ludiq/Ludiq.PeekCore/Editor/Plugins/PluginResources.cs:157)
Ludiq.PeekCore.LudiqProduct:Initialize () (at Assets/Ludiq/Ludiq.PeekCore/Editor/Product/LudiqProduct.cs:31)
Ludiq.PeekCore.ProductContainer:Initialize () (at Assets/Ludiq/Ludiq.PeekCore/Editor/Products/ProductContainer.cs:70)
Ludiq.PeekCore.PluginContainer:Initialize () (at Assets/Ludiq/Ludiq.PeekCore/Editor/Plugins/PluginContainer.cs:254)
Ludiq.PeekCore.PluginContainer:.cctor () (at Assets/Ludiq/Ludiq.PeekCore/Editor/Plugins/PluginContainer.cs:21)
System.Runtime.CompilerServices.RuntimeHelpers:RunClassConstructor (System.RuntimeTypeHandle)
UnityEditor.EditorAssemblies:ProcessInitializeOnLoadAttributes (System.Type[])

(Filename: Assets/Ludiq/Ludiq.PeekCore/Editor/Interface/Textures/EditorTexture.cs Line: 185)

Missing editor texture: 
Editor Asset Resource Provider: H:\UNITY\PROJECTS 2020\GitJam\Assets\Ludiq\Ludiq.Peek\Editor/Resources\Logos/LogoPeek.png
UnityEngine.StackTraceUtility:ExtractStackTrace ()
UnityEngine.DebugLogHandler:LogFormat (UnityEngine.LogType,UnityEngine.Object,string,object[])
UnityEngine.Logger:Log (UnityEngine.LogType,object)
UnityEngine.Debug:LogWarning (object)
Ludiq.PeekCore.EditorTexture:Load (System.Collections.Generic.IEnumerable`1<Ludiq.PeekCore.IResourceProvider>,string,Ludiq.PeekCore.CreateTextureOptions,bool) (at Assets/Ludiq/Ludiq.PeekCore/Editor/Interface/Textures/EditorTexture.cs:185)
Ludiq.PeekCore.PluginResources:LoadTexture (string,Ludiq.PeekCore.CreateTextureOptions,bool) (at Assets/Ludiq/Ludiq.PeekCore/Editor/Plugins/PluginResources.cs:157)
Ludiq.Peek.PeekProduct:Initialize () (at Assets/Ludiq/Ludiq.Peek/Editor/Plugin/PeekProduct.cs:45)
Ludiq.PeekCore.ProductContainer:Initialize () (at Assets/Ludiq/Ludiq.PeekCore/Editor/Products/ProductContainer.cs:70)
Ludiq.PeekCore.PluginContainer:Initialize () (at Assets/Ludiq/Ludiq.PeekCore/Editor/Plugins/PluginContainer.cs:254)
Ludiq.PeekCore.PluginContainer:.cctor () (at Assets/Ludiq/Ludiq.PeekCore/Editor/Plugins/PluginContainer.cs:21)
System.Runtime.CompilerServices.RuntimeHelpers:RunClassConstructor (System.RuntimeTypeHandle)
UnityEditor.EditorAssemblies:ProcessInitializeOnLoadAttributes (System.Type[])

(Filename: Assets/Ludiq/Ludiq.PeekCore/Editor/Interface/Textures/EditorTexture.cs Line: 185)

Missing editor texture: 
Editor Asset Resource Provider: H:\UNITY\PROJECTS 2020\GitJam\Assets\Ludiq\Ludiq.Peek\Editor/Resources\Logos/LogoLudiq.png
UnityEngine.StackTraceUtility:ExtractStackTrace ()
UnityEngine.DebugLogHandler:LogFormat (UnityEngine.LogType,UnityEngine.Object,string,object[])
UnityEngine.Logger:Log (UnityEngine.LogType,object)
UnityEngine.Debug:LogWarning (object)
Ludiq.PeekCore.EditorTexture:Load (System.Collections.Generic.IEnumerable`1<Ludiq.PeekCore.IResourceProvider>,string,Ludiq.PeekCore.CreateTextureOptions,bool) (at Assets/Ludiq/Ludiq.PeekCore/Editor/Interface/Textures/EditorTexture.cs:185)
Ludiq.PeekCore.PluginResources:LoadTexture (string,Ludiq.PeekCore.CreateTextureOptions,bool) (at Assets/Ludiq/Ludiq.PeekCore/Editor/Plugins/PluginResources.cs:157)
Ludiq.Peek.PeekProduct:Initialize () (at Assets/Ludiq/Ludiq.Peek/Editor/Plugin/PeekProduct.cs:46)
Ludiq.PeekCore.ProductContainer:Initialize () (at Assets/Ludiq/Ludiq.PeekCore/Editor/Products/ProductContainer.cs:70)
Ludiq.PeekCore.PluginContainer:Initialize () (at Assets/Ludiq/Ludiq.PeekCore/Editor/Plugins/PluginContainer.cs:254)
Ludiq.PeekCore.PluginContainer:.cctor () (at Assets/Ludiq/Ludiq.PeekCore/Editor/Plugins/PluginContainer.cs:21)
System.Runtime.CompilerServices.RuntimeHelpers:RunClassConstructor (System.RuntimeTypeHandle)
UnityEditor.EditorAssemblies:ProcessInitializeOnLoadAttributes (System.Type[])

(Filename: Assets/Ludiq/Ludiq.PeekCore/Editor/Interface/Textures/EditorTexture.cs Line: 185)

TypeManager.Initialize took: 311ms
