
=== Thu Nov 11 17:04:14 2021

Packages were changed.
Update Mode: updateDependencies

The following packages were updated:
  com.unity.render-pipelines.universal from version 12.1.0 to 12.1.1
  com.unity.visualeffectgraph from version 12.1.0 to 12.1.1
  com.unity.visualscripting from version 1.7.2 to 1.7.5

=== Fri Nov 19 07:13:21 2021

Packages were changed.
Update Mode: updateDependencies

The following packages were updated:
  com.unity.collab-proxy from version 1.13.5 to 1.15.1

=== Fri Dec  3 07:49:46 2021

Packages were changed.
Update Mode: updateDependencies

The following packages were updated:
  com.unity.collab-proxy from version 1.15.1 to 1.15.4
  com.unity.render-pipelines.universal from version 12.1.1 to 12.1.2
  com.unity.visualeffectgraph from version 12.1.1 to 12.1.2

=== Wed Dec 29 19:52:52 2021

Packages were changed.
Update Mode: updateDependencies

The following packages were updated:
  com.unity.postprocessing from version 3.1.1 to 3.2.0

=== Sat Feb  5 10:06:10 2022

Packages were changed.
Update Mode: updateDependencies

The following packages were updated:
  com.unity.burst from version 1.6.3 to 1.6.4
  com.unity.collab-proxy from version 1.15.4 to 1.15.7
  com.unity.ide.rider from version 3.0.7 to 3.0.9
  com.unity.render-pipelines.universal from version 12.1.2 to 12.1.4
  com.unity.scriptablebuildpipeline from version 1.19.4 to 1.19.5
  com.unity.visualeffectgraph from version 12.1.2 to 12.1.4
